


============================================
Now Time : 2015-6-8	3:16:55
Time --- No Name ===	4105.28 ms.
============================================



============================================
Now Time : 2015-6-8	3:17:16
Time --- No Name ===	7804.68 ms.
============================================



============================================
Now Time : 2015-6-8	3:17:58
Time --- No Name ===	36658.1 ms.
============================================



============================================
Now Time : 2015-6-8	3:20:32
Time --- No Name ===	140940 ms.
============================================



============================================
Now Time : 2015-6-8	3:21:48
Time --- C:\Users\Administrator\Desktop\1.jpg ===	4097.27 ms.
============================================



============================================
Now Time : 2015-6-8	7:0:37
Time --- D:\Code\C++\waifu2x-converter-cpp\bin\Debug\meidotai-n2-fix-n2-s-s-s 12800x19600.jpg ===	1.29232e+007 ms.
============================================



============================================
Now Time : 2015-6-8	12:57:40
Time --- D:\Code\C++\waifu2x-converter-cpp\bin\Debug\TODO\PE2\p\Konachan.com - 163051 blue_hair festival fireworks food japanese_clothes mortia_gurutamin red_eyes remilia_scarlet touhou yukata-n2s-n2s.jpg ===	7.79057e+006 ms.
============================================



============================================
Now Time : 2015-6-8	17:3:5
Time --- C:\Users\Administrator\Desktop\øº ‘∞≤≈≈ 2015-07\QQÕº∆¨20150627205345.png ===	58100.3 ms.
============================================



============================================
Now Time : 2015-6-8	17:33:23
Time --- D:\Code\C++\waifu2x-converter-cpp\bin\Debug\TODO\PE2\p\theAnimeGallery_140983_1920x1080-n2s-n2s.png ===	1.65415e+007 ms.
============================================



============================================
Now Time : 2015-6-8	22:2:42
Time --- D:\Code\C++\waifu2x-converter-cpp\bin\Debug\TODO\PE2\p\[“¯œ…].[Airota][Gugure!.Kokkuri-san][10][1280x720][x264_AAC][CHS][14-30-49]-n2s-n2s.jpg ===	1.61577e+007 ms.
============================================



============================================
Now Time : 2015-6-9	2:51:53
Time --- D:\Code\C++\waifu2x-converter-cpp\bin\Debug\TODO\PE2\p\√»…Ÿ≈Æª≠ºØ ˜»¡¶≈Æ∆Õ (144)-n2s-n2s.jpg ===	1.73479e+007 ms.
============================================



============================================
Now Time : 2015-6-9	18:52:35
Time --- C:\Users\Administrator\Desktop\49739616_p0.jpg ===	237731 ms.
============================================



============================================
Now Time : 2015-6-9	19:25:50
Time --- C:\Users\Administrator\Desktop\49739616_p0-n2s.jpg ===	947613 ms ; 0 day 0 hour 15 minute 47 second 613 ms.
============================================



============================================
Now Time : 2015-6-9	19:34:53
Time --- C:\Users\Administrator\Desktop\969add0735fae6cde58ea9ac0ab30f2443a70f71.jpg ===	132928 ms.
0 day 0 hour 2 minute 12 second 927 ms.
============================================



============================================
Now Time : 2015-6-9	19:37:50
Time --- C:\Users\Administrator\Desktop\969add0735fae6cde58ea9ac0ab30f2443a70f71-n2.jpg ===	146136 ms.
0 day 0 hour 2 minute 26 second 135 ms.
============================================



============================================
Now Time : 2015-6-11	1:40:36
Time --- C:\Users\Administrator\Desktop\b85ec7fd.jpg ===	1.76222e+006 ms.
0 day 0 hour 29 minute 22 second 219 ms.
============================================



============================================
Now Time : 2015-6-11	2:11:40
Time --- C:\Users\Administrator\Desktop\a8594770.jpg ===	1.86277e+006 ms.
0 day 0 hour 31 minute 2 second 770 ms.
============================================



============================================
Now Time : 2015-6-11	2:40:37
Time --- C:\Users\Administrator\Desktop\83506482.jpg ===	1.73699e+006 ms.
0 day 0 hour 28 minute 56 second 992 ms.
============================================



============================================
Now Time : 2015-6-11	11:6:9
Time --- C:\Users\Administrator\Desktop\soreyori_no_prologue_4.jpg ===	1.01492e+006 ms.
0 day 0 hour 16 minute 54 second 916 ms.
============================================



============================================
Now Time : 2015-6-11	12:38:47
Time --- C:\Users\Administrator\Desktop\soreyori_no_prologue_4-n2s.jpg ===	4.62402e+006 ms.
0 day 1 hour 17 minute 4 second 15 ms.
============================================



============================================
Now Time : 2015-6-11	12:46:14
Time --- D:\Wall\meidotai-H.jpg ===	38249.2 ms.
0 day 0 hour 0 minute 38 second 249 ms.
============================================



============================================
Now Time : 2015-6-11	14:27:55
Time --- D:\Wall\twitter_wall_m.jpg ===	576808 ms.
0 day 0 hour 9 minute 36 second 808 ms.
============================================



============================================
Now Time : 2015-6-11	14:45:38
Time --- D:\Wall\50494023_p0.jpg ===	992865 ms.
0 day 0 hour 16 minute 32 second 865 ms.
============================================



============================================
Now Time : 2015-6-11	15:1:25
Time --- D:\Wall\50494023_p0.jpg ===	859223 ms.
0 day 0 hour 14 minute 19 second 222 ms.
============================================



============================================
Now Time : 2015-6-11	15:14:0
Time --- C:\Users\Administrator\Desktop\670f720e0cf3d7ca1390dca9f71fbe096a63a9bd-n2s.jpg ===	636017 ms.
0 day 0 hour 10 minute 36 second 16 ms.
============================================



============================================
Now Time : 2015-6-14	4:56:56
Time --- C:\Users\Administrator\Desktop\top.png ===	215435 ms.
0 day 0 hour 3 minute 35 second 434 ms.
============================================



============================================
Now Time : 2015-6-14	5:2:49
Time --- C:\Users\Administrator\Desktop\top.png ===	262805 ms.
0 day 0 hour 4 minute 22 second 805 ms.
============================================



============================================
Now Time : 2015-6-14	5:6:41
Time --- C:\Users\Administrator\Desktop\top-s.png ===	207862 ms.
0 day 0 hour 3 minute 27 second 862 ms.
============================================



============================================
Now Time : 2015-6-14	5:41:20
Time --- C:\Users\Administrator\Desktop\top-n2s.png ===	1.07796e+006 ms.
0 day 0 hour 17 minute 57 second 955 ms.
============================================



============================================
Now Time : 2015-6-14	5:44:16
Time --- C:\Users\Administrator\Desktop\top.png ===	44448.1 ms.
0 day 0 hour 0 minute 44 second 448 ms.
============================================



============================================
Now Time : 2015-6-14	5:48:54
Time --- C:\Users\Administrator\Desktop\top-n2s.png ===	205394 ms.
0 day 0 hour 3 minute 25 second 394 ms.
============================================



============================================
Now Time : 2015-6-14	5:57:34
Time --- D:\Wall\45547332_p0.jpg ===	441061 ms.
0 day 0 hour 7 minute 21 second 61 ms.
============================================



============================================
Now Time : 2015-6-16	20:31:50
Time --- C:\Users\Administrator\Desktop\Smart Classroom.jpg ===	53578 ms.
0 day 0 hour 0 minute 53 second 578 ms.
============================================



============================================
Now Time : 2015-6-17	12:0:0
Time --- C:\Users\Administrator\Desktop\000011624.jpg ===	81212.9 ms.
0 day 0 hour 1 minute 21 second 212 ms.
============================================



============================================
Now Time : 2015-6-17	12:2:25
Time --- C:\Users\Administrator\Desktop\132011047 ¿Ó»≥Ã.jpg ===	18866.4 ms.
0 day 0 hour 0 minute 18 second 866 ms.
============================================



============================================
Now Time : 2015-6-17	12:3:8
Time --- C:\Users\Administrator\Desktop\000011624.jpg ===	274785 ms.
0 day 0 hour 4 minute 34 second 784 ms.
============================================



============================================
Now Time : 2015-6-21	0:41:53
Time --- C:\Users\Administrator\Desktop\QQÕº∆¨20150720122034.jpg ===	268006 ms.
0 day 0 hour 4 minute 28 second 6 ms.
============================================



============================================
Now Time : 2015-6-21	1:11:14
Time --- E:\QQÕº∆¨20150720122034-n2s.png ===	1.24917e+006 ms.
0 day 0 hour 20 minute 49 second 165 ms.
============================================



============================================
Now Time : 2015-6-21	1:18:25
Time --- E:\p_z9CXdFjU2ZikCvn71Rsk5pWKyyXfY7oYA7WYfAf5bHAgAAIAMAAEpQ.jpg ===	35176.3 ms.
0 day 0 hour 0 minute 35 second 176 ms.
============================================



============================================
Now Time : 2015-6-21	1:19:22
Time --- E:\moegirlSummer.jpg ===	43071 ms.
0 day 0 hour 0 minute 43 second 71 ms.
============================================



============================================
Now Time : 2015-6-21	1:22:53
Time --- E:\Dai5dW_xB1r6CwwXVztUbTCvbOwE_HmxAHrJd3E_he-AAgAAQQMAAFBO.png ===	182395 ms.
0 day 0 hour 3 minute 2 second 395 ms.
============================================



============================================
Now Time : 2015-6-21	1:27:6
Time --- E:\d3aa07f41bd5ad6e194f553884cb39dbb4fd3cda.jpg ===	232764 ms.
0 day 0 hour 3 minute 52 second 763 ms.
============================================



============================================
Now Time : 2015-6-21	1:33:25
Time --- E:\2290987_9883.jpg ===	367879 ms.
0 day 0 hour 6 minute 7 second 878 ms.
============================================



============================================
Now Time : 2015-6-21	9:50:36
Time --- E:\androidslide_miyu.jpg ===	876092 ms.
0 day 0 hour 14 minute 36 second 91 ms.
============================================



============================================
Now Time : 2015-6-21	10:13:50
Time --- E:\b7b133f33a87e9501880e5bc15385343f9f2b4ff.jpg ===	96510.7 ms.
0 day 0 hour 1 minute 36 second 510 ms.
============================================



============================================
Now Time : 2015-6-21	10:30:4
Time --- E:\bd8fb83533fa828b70c26469f81f4134950a5a8c.jpg ===	622766 ms.
0 day 0 hour 10 minute 22 second 765 ms.
============================================



============================================
Now Time : 2015-6-22	12:37:58
Time --- C:\Users\Administrator\Desktop\9b2e5ffbb2fb4316359c639924a4462308f7d311.jpg ===	19083.8 ms.
0 day 0 hour 0 minute 19 second 83 ms.
============================================



============================================
Now Time : 2015-6-22	12:38:43
Time --- C:\Users\Administrator\Desktop\9b2e5ffbb2fb4316359c639924a4462308f7d311-n2.png ===	18835.8 ms.
0 day 0 hour 0 minute 18 second 835 ms.
============================================



============================================
Now Time : 2015-6-22	14:20:31
Time --- C:\Users\Administrator\Desktop\9b2e5ffbb2fb4316359c639924a4462308f7d311-n2-n2.png ===	48104.9 ms.
0 day 0 hour 0 minute 48 second 104 ms.
============================================
